<?xml version="1.0" encoding="UTF-8"?>
<testng-results skipped="0" failed="0" ignored="0" total="3" passed="3">
  <reporter-output>
  </reporter-output>
  <suite name="Default suite" duration-ms="111" started-at="2023-06-16T13:46:11Z" finished-at="2023-06-16T13:46:12Z">
    <groups>
    </groups>
    <test name="Default test" duration-ms="111" started-at="2023-06-16T13:46:11Z" finished-at="2023-06-16T13:46:12Z">
      <class name="org.dum.Data">
        <test-method status="PASS" signature="tc2(java.lang.String, java.lang.String)[pri:0, instance:org.dum.Data@6e1ec318]" name="tc2" duration-ms="19" started-at="2023-06-16T13:46:12Z" data-provider="data" finished-at="2023-06-16T13:46:12Z">
          <params>
            <param index="0">
              <value>
                <![CDATA[abu]]>
              </value>
            </param>
            <param index="1">
              <value>
                <![CDATA[12]]>
              </value>
            </param>
          </params>
          <reporter-output>
          </reporter-output>
        </test-method> <!-- tc2 -->
        <test-method status="PASS" signature="tc2(java.lang.String, java.lang.String)[pri:0, instance:org.dum.Data@6e1ec318]" name="tc2" duration-ms="12" started-at="2023-06-16T13:46:12Z" data-provider="data" finished-at="2023-06-16T13:46:12Z">
          <params>
            <param index="0">
              <value>
                <![CDATA[abi]]>
              </value>
            </param>
            <param index="1">
              <value>
                <![CDATA[13]]>
              </value>
            </param>
          </params>
          <reporter-output>
          </reporter-output>
        </test-method> <!-- tc2 -->
        <test-method status="PASS" signature="tc2(java.lang.String, java.lang.String)[pri:0, instance:org.dum.Data@6e1ec318]" name="tc2" duration-ms="4" started-at="2023-06-16T13:46:12Z" data-provider="data" finished-at="2023-06-16T13:46:12Z">
          <params>
            <param index="0">
              <value>
                <![CDATA[aapu]]>
              </value>
            </param>
            <param index="1">
              <value>
                <![CDATA[44]]>
              </value>
            </param>
          </params>
          <reporter-output>
          </reporter-output>
        </test-method> <!-- tc2 -->
      </class> <!-- org.dum.Data -->
    </test> <!-- Default test -->
  </suite> <!-- Default suite -->
</testng-results>
