<?xml version="1.0" encoding="UTF-8"?>
<!-- Generated by org.testng.reporters.JUnitXMLReporter -->
<testsuite hostname="RAMESHRIYO" ignored="5" name="Group" tests="7" failures="0" timestamp="13 Apr 2023 07:33:20 GMT" time="0.099" errors="0">
  <testcase name="tc2" time="0.013" classname="org.group.Test1"/>
  <testcase name="tc3" time="0.003" classname="org.group.Test1"/>
  <testcase name="tc4" time="0.003" classname="org.group.Test1"/>
  <testcase name="tc2" time="0.008" classname="org.group.Test2"/>
  <testcase name="tc3" time="0.003" classname="org.group.Test2"/>
  <testcase name="tc1" time="0.002" classname="org.group.Test3"/>
  <testcase name="tc2" time="0.001" classname="org.group.Test3"/>
  <testcase name="tc4" time="0.0" classname="org.group.Test2">
    <ignored/>
  </testcase> <!-- tc4 -->
  <testcase name="tc1" time="0.0" classname="org.group.Test1">
    <ignored/>
  </testcase> <!-- tc1 -->
  <testcase name="tc1" time="0.0" classname="org.group.Test2">
    <ignored/>
  </testcase> <!-- tc1 -->
  <testcase name="tc3" time="0.0" classname="org.group.Test3">
    <ignored/>
  </testcase> <!-- tc3 -->
  <testcase name="tc4" time="0.0" classname="org.group.Test3">
    <ignored/>
  </testcase> <!-- tc4 -->
</testsuite> <!-- Group -->
