[{"line":2,"elements":[{"start_timestamp":"2023-05-12T09:30:08.288Z","line":4,"name":"Get User logtoken from login endpoint","description":"","id":"login-module-api-automation;get-user-logtoken-from-login-endpoint","type":"scenario","keyword":"Scenario","steps":[{"result":{"duration":1436000000,"status":"passed"},"line":5,"name":"User add header","match":{"location":"com.stepdefinition.TC1_LoginStep.userAddHeader()"},"keyword":"Given "},{"result":{"duration":166000000,"status":"passed"},"line":6,"name":"User add basic authentication for login","match":{"location":"com.stepdefinition.TC1_LoginStep.userAddBasicAuthenticationForLogin()"},"keyword":"When "},{"result":{"duration":2460000000,"status":"passed"},"line":7,"name":"User send \"POST\" request for login endpoint","match":{"arguments":[{"val":"\"POST\"","offset":10}],"location":"com.stepdefinition.TC1_LoginStep.userSendRequestForLoginEndpoint(java.lang.String)"},"keyword":"And "},{"result":{"error_message":"java.lang.AssertionError: verifying status code expected:<200> but was:<401>\r\n\tat org.junit.Assert.fail(Assert.java:89)\r\n\tat org.junit.Assert.failNotEquals(Assert.java:835)\r\n\tat org.junit.Assert.assertEquals(Assert.java:647)\r\n\tat com.stepdefinition.CommonSteps.userVerifyTheStatusCodeIs(CommonSteps.java:16)\r\n\tat ✽.User verify the status code is 200(file:///C:/Users/Ramesh%20Riyo/eclipse-workspace/OMRBranchAPIAutomation/src/test/resources/Features/TC1_Login.feature:8)\r\n","duration":4000000,"status":"failed"},"line":8,"name":"User verify the status code is 200","match":{"arguments":[{"val":"200","offset":31}],"location":"com.stepdefinition.CommonSteps.userVerifyTheStatusCodeIs(int)"},"keyword":"Then "},{"result":{"duration":1000000,"status":"skipped"},"line":9,"name":"User verify the login response body firstname present as \"Ramesh\" and get the logtoken saved","match":{"arguments":[{"val":"\"Ramesh\"","offset":57}],"location":"com.stepdefinition.TC1_LoginStep.userVerifyTheLoginResponseBodyFirstnamePresentAsAndGetTheLogtokenSaved(java.lang.String)"},"keyword":"Then "}],"tags":[{"name":"@Login"}]}],"name":"Login Module API Automation","description":"","id":"login-module-api-automation","keyword":"Feature","uri":"file:src/test/resources/Features/TC1_Login.feature","tags":[{"name":"@Login","type":"Tag","location":{"line":1,"column":1}}]},{"line":2,"elements":[{"start_timestamp":"2023-05-12T09:30:12.469Z","line":4,"name":"Verify User Get Statelist through api","description":"","id":"state-module-api-automation;verify-user-get-statelist-through-api","type":"scenario","keyword":"Scenario","steps":[{"result":{"duration":6000000,"status":"passed"},"line":5,"name":"User add headers for the StateList","match":{"location":"com.stepdefinition.TC2_GetStateIdStep.userAddHeadersForTheStateList()"},"keyword":"Given "},{"result":{"duration":516000000,"status":"passed"},"line":6,"name":"User send \"GET\" request for StateList endpoint","match":{"arguments":[{"val":"\"GET\"","offset":10}],"location":"com.stepdefinition.TC2_GetStateIdStep.userSendRequestForStateListEndpoint(java.lang.String)"},"keyword":"When "},{"result":{"error_message":"java.lang.AssertionError: verifying status code expected:<200> but was:<401>\r\n\tat org.junit.Assert.fail(Assert.java:89)\r\n\tat org.junit.Assert.failNotEquals(Assert.java:835)\r\n\tat org.junit.Assert.assertEquals(Assert.java:647)\r\n\tat com.stepdefinition.CommonSteps.userVerifyTheStatusCodeIs(CommonSteps.java:16)\r\n\tat ✽.User verify the status code is 200(file:///C:/Users/Ramesh%20Riyo/eclipse-workspace/OMRBranchAPIAutomation/src/test/resources/Features/TC2_GetStateId.feature:7)\r\n","status":"failed"},"line":7,"name":"User verify the status code is 200","match":{"arguments":[{"val":"200","offset":31}],"location":"com.stepdefinition.CommonSteps.userVerifyTheStatusCodeIs(int)"},"keyword":"Then "},{"result":{"duration":1000000,"status":"skipped"},"line":8,"name":"User verify the StateList response message matches \"Tamil Nadu\" and saved state id","match":{"arguments":[{"val":"\"Tamil Nadu\"","offset":51}],"location":"com.stepdefinition.TC2_GetStateIdStep.userVerifyTheStateListResponseMessageMatchesAndSavedStateId(java.lang.String)"},"keyword":"Then "}],"tags":[{"name":"@State"}]}],"name":"State Module API Automation","description":"","id":"state-module-api-automation","keyword":"Feature","uri":"file:src/test/resources/Features/TC2_GetStateId.feature","tags":[{"name":"@State","type":"Tag","location":{"line":1,"column":1}}]},{"line":2,"elements":[{"start_timestamp":"2023-05-12T09:30:13.030Z","line":12,"name":"Verify User Get CityList through api","description":"","id":"city-module-api-automation;verify-user-get-citylist-through-api;;2","type":"scenario","keyword":"Scenario Outline","steps":[{"result":{"duration":1000000,"status":"passed"},"line":5,"name":"User add headers for the CityList","match":{"location":"com.stepdefinition.TC3_GetCityIdStep.userAddHeadersForTheCityList()"},"keyword":"Given "},{"result":{"duration":628000000,"status":"passed"},"line":6,"name":"User send \"POST\" request for CityList endpoint \"35\"","match":{"arguments":[{"val":"\"POST\"","offset":10},{"val":"\"35\"","offset":47}],"location":"com.stepdefinition.TC3_GetCityIdStep.userSendRequestForCityListEndpoint(java.lang.String,java.lang.String)"},"keyword":"When "},{"result":{"error_message":"java.lang.AssertionError: verifying status code expected:<200> but was:<401>\r\n\tat org.junit.Assert.fail(Assert.java:89)\r\n\tat org.junit.Assert.failNotEquals(Assert.java:835)\r\n\tat org.junit.Assert.assertEquals(Assert.java:647)\r\n\tat com.stepdefinition.CommonSteps.userVerifyTheStatusCodeIs(CommonSteps.java:16)\r\n\tat ✽.User verify the status code is 200(file:///C:/Users/Ramesh%20Riyo/eclipse-workspace/OMRBranchAPIAutomation/src/test/resources/Features/TC3_GetCityId.feature:7)\r\n","duration":1000000,"status":"failed"},"line":7,"name":"User verify the status code is 200","match":{"arguments":[{"val":"200","offset":31}],"location":"com.stepdefinition.CommonSteps.userVerifyTheStatusCodeIs(int)"},"keyword":"Then "},{"result":{"status":"skipped"},"line":8,"name":"User verify the CityList response message matches \"Chennai\" and saved city id","match":{"arguments":[{"val":"\"Chennai\"","offset":50}],"location":"com.stepdefinition.TC3_GetCityIdStep.userVerifyTheCityListResponseMessageMatchesAndSavedCityId(java.lang.String)"},"keyword":"Then "}],"tags":[{"name":"@City"}]}],"name":"City Module API Automation","description":"","id":"city-module-api-automation","keyword":"Feature","uri":"file:src/test/resources/Features/TC3_GetCityId.feature","tags":[{"name":"@City","type":"Tag","location":{"line":1,"column":1}}]},{"line":2,"elements":[{"start_timestamp":"2023-05-12T09:30:13.697Z","line":13,"name":"Verify add user address to the application through api","description":"","id":"address-module-api-automation;verify-add-user-address-to-the-application-through-api;;2","type":"scenario","keyword":"Scenario Outline","steps":[{"result":{"duration":1000000,"status":"passed"},"line":5,"name":"User add headers and bearer authorization for accessing add address endpoint","match":{"location":"com.stepdefinition.TC4_AddressStep.userAddHeadersAndBearerAuthorizationForAccessingAddAddressEndpoint()"},"keyword":"Given "},{"result":{"error_message":"io.cucumber.core.exception.CucumberException: Could not invoke step [User add request body for add new address {string},{string},{string},{string},{string},{string},{string},{string},{string} and {string}] defined at 'com.stepdefinition.TC4_AddressStep.userAddRequestBodyForAddNewAddressAnd(java.lang.String,java.lang.String,java.lang.String,java.lang.String,java.lang.String,java.lang.String,int,java.lang.String,java.lang.String,java.lang.String)'.\nIt appears there was a problem with the step definition.\nThe converted arguments types were (java.lang.String, java.lang.String, java.lang.String, java.lang.String, java.lang.String, java.lang.String, java.lang.String, java.lang.String, java.lang.String, java.lang.String)\r\n\tat io.cucumber.core.runner.PickleStepDefinitionMatch.couldNotInvokeStep(PickleStepDefinitionMatch.java:130)\r\n\tat io.cucumber.core.runner.PickleStepDefinitionMatch.runStep(PickleStepDefinitionMatch.java:65)\r\n\tat io.cucumber.core.runner.ExecutionMode$1.execute(ExecutionMode.java:10)\r\n\tat io.cucumber.core.runner.TestStep.executeStep(TestStep.java:85)\r\n\tat io.cucumber.core.runner.TestStep.run(TestStep.java:57)\r\n\tat io.cucumber.core.runner.PickleStepTestStep.run(PickleStepTestStep.java:51)\r\n\tat io.cucumber.core.runner.TestCase.run(TestCase.java:84)\r\n\tat io.cucumber.core.runner.Runner.runPickle(Runner.java:75)\r\n\tat io.cucumber.junit.PickleRunners$WithStepDescriptions.lambda$run$1(PickleRunners.java:109)\r\n\tat io.cucumber.core.runtime.CucumberExecutionContext.lambda$runTestCase$5(CucumberExecutionContext.java:129)\r\n\tat io.cucumber.core.runtime.RethrowingThrowableCollector.executeAndThrow(RethrowingThrowableCollector.java:23)\r\n\tat io.cucumber.core.runtime.CucumberExecutionContext.runTestCase(CucumberExecutionContext.java:129)\r\n\tat io.cucumber.junit.PickleRunners$WithStepDescriptions.run(PickleRunners.java:106)\r\n\tat io.cucumber.junit.FeatureRunner.runChild(FeatureRunner.java:144)\r\n\tat io.cucumber.junit.FeatureRunner.runChild(FeatureRunner.java:28)\r\n\tat org.junit.runners.ParentRunner$4.run(ParentRunner.java:331)\r\n\tat org.junit.runners.ParentRunner$1.schedule(ParentRunner.java:79)\r\n\tat org.junit.runners.ParentRunner.runChildren(ParentRunner.java:329)\r\n\tat org.junit.runners.ParentRunner.access$100(ParentRunner.java:66)\r\n\tat org.junit.runners.ParentRunner$2.evaluate(ParentRunner.java:293)\r\n\tat org.junit.runners.ParentRunner$3.evaluate(ParentRunner.java:306)\r\n\tat org.junit.runners.ParentRunner.run(ParentRunner.java:413)\r\n\tat io.cucumber.junit.FeatureRunner.run(FeatureRunner.java:137)\r\n\tat io.cucumber.junit.Cucumber.runChild(Cucumber.java:196)\r\n\tat io.cucumber.junit.Cucumber.runChild(Cucumber.java:89)\r\n\tat org.junit.runners.ParentRunner$4.run(ParentRunner.java:331)\r\n\tat org.junit.runners.ParentRunner$1.schedule(ParentRunner.java:79)\r\n\tat org.junit.runners.ParentRunner.runChildren(ParentRunner.java:329)\r\n\tat org.junit.runners.ParentRunner.access$100(ParentRunner.java:66)\r\n\tat org.junit.runners.ParentRunner$2.evaluate(ParentRunner.java:293)\r\n\tat io.cucumber.junit.Cucumber$RunBeforeAllHooks.evaluate(Cucumber.java:266)\r\n\tat io.cucumber.junit.Cucumber$RunAfterAllHooks.evaluate(Cucumber.java:281)\r\n\tat io.cucumber.junit.Cucumber$StartTestRun.evaluate(Cucumber.java:233)\r\n\tat io.cucumber.junit.Cucumber$FinishTestRun.evaluate(Cucumber.java:248)\r\n\tat org.junit.internal.runners.statements.RunAfters.evaluate(RunAfters.java:27)\r\n\tat org.junit.runners.ParentRunner$3.evaluate(ParentRunner.java:306)\r\n\tat org.junit.runners.ParentRunner.run(ParentRunner.java:413)\r\n\tat org.eclipse.jdt.internal.junit4.runner.JUnit4TestReference.run(JUnit4TestReference.java:86)\r\n\tat org.eclipse.jdt.internal.junit.runner.TestExecution.run(TestExecution.java:38)\r\n\tat org.eclipse.jdt.internal.junit.runner.RemoteTestRunner.runTests(RemoteTestRunner.java:538)\r\n\tat org.eclipse.jdt.internal.junit.runner.RemoteTestRunner.runTests(RemoteTestRunner.java:760)\r\n\tat org.eclipse.jdt.internal.junit.runner.RemoteTestRunner.run(RemoteTestRunner.java:460)\r\n\tat org.eclipse.jdt.internal.junit.runner.RemoteTestRunner.main(RemoteTestRunner.java:206)\r\nCaused by: io.cucumber.core.backend.CucumberBackendException: Failed to invoke public void com.stepdefinition.TC4_AddressStep.userAddRequestBodyForAddNewAddressAnd(java.lang.String,java.lang.String,java.lang.String,java.lang.String,java.lang.String,java.lang.String,int,java.lang.String,java.lang.String,java.lang.String)\r\n\tat io.cucumber.java.Invoker.doInvoke(Invoker.java:68)\r\n\tat io.cucumber.java.Invoker.invoke(Invoker.java:24)\r\n\tat io.cucumber.java.AbstractGlueDefinition.invokeMethod(AbstractGlueDefinition.java:47)\r\n\tat io.cucumber.java.JavaStepDefinition.execute(JavaStepDefinition.java:29)\r\n\tat io.cucumber.core.runner.CoreStepDefinition.execute(CoreStepDefinition.java:66)\r\n\tat io.cucumber.core.runner.PickleStepDefinitionMatch.runStep(PickleStepDefinitionMatch.java:63)\r\n\t... 41 more\r\nCaused by: java.lang.IllegalArgumentException: argument type mismatch\r\n\tat sun.reflect.NativeMethodAccessorImpl.invoke0(Native Method)\r\n\tat sun.reflect.NativeMethodAccessorImpl.invoke(Unknown Source)\r\n\tat sun.reflect.DelegatingMethodAccessorImpl.invoke(Unknown Source)\r\n\tat java.lang.reflect.Method.invoke(Unknown Source)\r\n\tat io.cucumber.java.Invoker.doInvoke(Invoker.java:66)\r\n\t... 46 more\r\n","duration":2000000,"status":"failed"},"line":6,"name":"User add request body for add new address \"Ramesh\",\"Velu\",\"95666164877\",\"Casa grand\",\"35\",\"3659\",\"103\",\"600039\",\"Chennai\" and \"Home\"","match":{"arguments":[{"val":"\"Ramesh\"","offset":42},{"val":"\"Velu\"","offset":51},{"val":"\"95666164877\"","offset":58},{"val":"\"Casa grand\"","offset":72},{"val":"\"35\"","offset":85},{"val":"\"3659\"","offset":90},{"val":"\"103\"","offset":97},{"val":"\"600039\"","offset":103},{"val":"\"Chennai\"","offset":112},{"val":"\"Home\"","offset":126}],"location":"com.stepdefinition.TC4_AddressStep.userAddRequestBodyForAddNewAddressAnd(java.lang.String,java.lang.String,java.lang.String,java.lang.String,java.lang.String,java.lang.String,int,java.lang.String,java.lang.String,java.lang.String)"},"keyword":"When "},{"result":{"duration":1000000,"status":"skipped"},"line":7,"name":"User send \"POST\" request for addUserAddress endpoint","match":{"arguments":[{"val":"\"POST\"","offset":10}],"location":"com.stepdefinition.TC4_AddressStep.userSendRequestForAddUserAddressEndpoint(java.lang.String)"},"keyword":"And "},{"result":{"duration":1000000,"status":"skipped"},"line":8,"name":"User verify the status code is 200","match":{"arguments":[{"val":"200","offset":31}],"location":"com.stepdefinition.CommonSteps.userVerifyTheStatusCodeIs(int)"},"keyword":"Then "},{"result":{"status":"skipped"},"line":9,"name":"User verify the addUserAddress response message matches \"Address added successfully\"","match":{"arguments":[{"val":"\"Address added successfully\"","offset":56}],"location":"com.stepdefinition.TC4_AddressStep.userVerifyTheAddUserAddressResponseMessageMatches(java.lang.String)"},"keyword":"Then "}],"tags":[{"name":"@Address"}]},{"start_timestamp":"2023-05-12T09:30:13.788Z","line":24,"name":"Verify update user address to the application through api","description":"","id":"address-module-api-automation;verify-update-user-address-to-the-application-through-api;;2","type":"scenario","keyword":"Scenario Outline","steps":[{"result":{"duration":1000000,"status":"passed"},"line":16,"name":"User add headers and bearer authorization for accessing update address endpoint","match":{"location":"com.stepdefinition.TC4_AddressStep.userAddHeadersAndBearerAuthorizationForAccessingUpdateAddressEndpoint()"},"keyword":"Given "},{"result":{"error_message":"io.cucumber.core.exception.CucumberException: Could not invoke step [User add request body for update address  {string},{string},{string},{string},{string},{string},{string},{string},{string},{string} and {string}] defined at 'com.stepdefinition.TC4_AddressStep.userAddRequestBodyForUpdateAddressAnd(java.lang.String,java.lang.String,java.lang.String,java.lang.String,java.lang.String,int,int,int,java.lang.String,java.lang.String,java.lang.String)'.\nIt appears there was a problem with the step definition.\nThe converted arguments types were (java.lang.String, java.lang.String, java.lang.String, java.lang.String, java.lang.String, java.lang.String, java.lang.String, java.lang.String, java.lang.String, java.lang.String, java.lang.String)\r\n\tat io.cucumber.core.runner.PickleStepDefinitionMatch.couldNotInvokeStep(PickleStepDefinitionMatch.java:130)\r\n\tat io.cucumber.core.runner.PickleStepDefinitionMatch.runStep(PickleStepDefinitionMatch.java:65)\r\n\tat io.cucumber.core.runner.ExecutionMode$1.execute(ExecutionMode.java:10)\r\n\tat io.cucumber.core.runner.TestStep.executeStep(TestStep.java:85)\r\n\tat io.cucumber.core.runner.TestStep.run(TestStep.java:57)\r\n\tat io.cucumber.core.runner.PickleStepTestStep.run(PickleStepTestStep.java:51)\r\n\tat io.cucumber.core.runner.TestCase.run(TestCase.java:84)\r\n\tat io.cucumber.core.runner.Runner.runPickle(Runner.java:75)\r\n\tat io.cucumber.junit.PickleRunners$WithStepDescriptions.lambda$run$1(PickleRunners.java:109)\r\n\tat io.cucumber.core.runtime.CucumberExecutionContext.lambda$runTestCase$5(CucumberExecutionContext.java:129)\r\n\tat io.cucumber.core.runtime.RethrowingThrowableCollector.executeAndThrow(RethrowingThrowableCollector.java:23)\r\n\tat io.cucumber.core.runtime.CucumberExecutionContext.runTestCase(CucumberExecutionContext.java:129)\r\n\tat io.cucumber.junit.PickleRunners$WithStepDescriptions.run(PickleRunners.java:106)\r\n\tat io.cucumber.junit.FeatureRunner.runChild(FeatureRunner.java:144)\r\n\tat io.cucumber.junit.FeatureRunner.runChild(FeatureRunner.java:28)\r\n\tat org.junit.runners.ParentRunner$4.run(ParentRunner.java:331)\r\n\tat org.junit.runners.ParentRunner$1.schedule(ParentRunner.java:79)\r\n\tat org.junit.runners.ParentRunner.runChildren(ParentRunner.java:329)\r\n\tat org.junit.runners.ParentRunner.access$100(ParentRunner.java:66)\r\n\tat org.junit.runners.ParentRunner$2.evaluate(ParentRunner.java:293)\r\n\tat org.junit.runners.ParentRunner$3.evaluate(ParentRunner.java:306)\r\n\tat org.junit.runners.ParentRunner.run(ParentRunner.java:413)\r\n\tat io.cucumber.junit.FeatureRunner.run(FeatureRunner.java:137)\r\n\tat io.cucumber.junit.Cucumber.runChild(Cucumber.java:196)\r\n\tat io.cucumber.junit.Cucumber.runChild(Cucumber.java:89)\r\n\tat org.junit.runners.ParentRunner$4.run(ParentRunner.java:331)\r\n\tat org.junit.runners.ParentRunner$1.schedule(ParentRunner.java:79)\r\n\tat org.junit.runners.ParentRunner.runChildren(ParentRunner.java:329)\r\n\tat org.junit.runners.ParentRunner.access$100(ParentRunner.java:66)\r\n\tat org.junit.runners.ParentRunner$2.evaluate(ParentRunner.java:293)\r\n\tat io.cucumber.junit.Cucumber$RunBeforeAllHooks.evaluate(Cucumber.java:266)\r\n\tat io.cucumber.junit.Cucumber$RunAfterAllHooks.evaluate(Cucumber.java:281)\r\n\tat io.cucumber.junit.Cucumber$StartTestRun.evaluate(Cucumber.java:233)\r\n\tat io.cucumber.junit.Cucumber$FinishTestRun.evaluate(Cucumber.java:248)\r\n\tat org.junit.internal.runners.statements.RunAfters.evaluate(RunAfters.java:27)\r\n\tat org.junit.runners.ParentRunner$3.evaluate(ParentRunner.java:306)\r\n\tat org.junit.runners.ParentRunner.run(ParentRunner.java:413)\r\n\tat org.eclipse.jdt.internal.junit4.runner.JUnit4TestReference.run(JUnit4TestReference.java:86)\r\n\tat org.eclipse.jdt.internal.junit.runner.TestExecution.run(TestExecution.java:38)\r\n\tat org.eclipse.jdt.internal.junit.runner.RemoteTestRunner.runTests(RemoteTestRunner.java:538)\r\n\tat org.eclipse.jdt.internal.junit.runner.RemoteTestRunner.runTests(RemoteTestRunner.java:760)\r\n\tat org.eclipse.jdt.internal.junit.runner.RemoteTestRunner.run(RemoteTestRunner.java:460)\r\n\tat org.eclipse.jdt.internal.junit.runner.RemoteTestRunner.main(RemoteTestRunner.java:206)\r\nCaused by: io.cucumber.core.backend.CucumberBackendException: Failed to invoke public void com.stepdefinition.TC4_AddressStep.userAddRequestBodyForUpdateAddressAnd(java.lang.String,java.lang.String,java.lang.String,java.lang.String,java.lang.String,int,int,int,java.lang.String,java.lang.String,java.lang.String)\r\n\tat io.cucumber.java.Invoker.doInvoke(Invoker.java:68)\r\n\tat io.cucumber.java.Invoker.invoke(Invoker.java:24)\r\n\tat io.cucumber.java.AbstractGlueDefinition.invokeMethod(AbstractGlueDefinition.java:47)\r\n\tat io.cucumber.java.JavaStepDefinition.execute(JavaStepDefinition.java:29)\r\n\tat io.cucumber.core.runner.CoreStepDefinition.execute(CoreStepDefinition.java:66)\r\n\tat io.cucumber.core.runner.PickleStepDefinitionMatch.runStep(PickleStepDefinitionMatch.java:63)\r\n\t... 41 more\r\nCaused by: java.lang.IllegalArgumentException: argument type mismatch\r\n\tat sun.reflect.NativeMethodAccessorImpl.invoke0(Native Method)\r\n\tat sun.reflect.NativeMethodAccessorImpl.invoke(Unknown Source)\r\n\tat sun.reflect.DelegatingMethodAccessorImpl.invoke(Unknown Source)\r\n\tat java.lang.reflect.Method.invoke(Unknown Source)\r\n\tat io.cucumber.java.Invoker.doInvoke(Invoker.java:66)\r\n\t... 46 more\r\n","duration":2000000,"status":"failed"},"line":17,"name":"User add request body for update address  \"46877\",\"Ramesh\",\"Velu\",\"95666164877\",\"Casa grand\",\"35\",\"3659\",\"103\",\"600039\",\"Chennai\" and \"Home\"","match":{"arguments":[{"val":"\"46877\"","offset":42},{"val":"\"Ramesh\"","offset":50},{"val":"\"Velu\"","offset":59},{"val":"\"95666164877\"","offset":66},{"val":"\"Casa grand\"","offset":80},{"val":"\"35\"","offset":93},{"val":"\"3659\"","offset":98},{"val":"\"103\"","offset":105},{"val":"\"600039\"","offset":111},{"val":"\"Chennai\"","offset":120},{"val":"\"Home\"","offset":134}],"location":"com.stepdefinition.TC4_AddressStep.userAddRequestBodyForUpdateAddressAnd(java.lang.String,java.lang.String,java.lang.String,java.lang.String,java.lang.String,int,int,int,java.lang.String,java.lang.String,java.lang.String)"},"keyword":"When "},{"result":{"duration":1000000,"status":"skipped"},"line":18,"name":"User send \"PUT\" request for updateUserAddress endpoint","match":{"arguments":[{"val":"\"PUT\"","offset":10}],"location":"com.stepdefinition.TC4_AddressStep.userSendRequestForUpdateUserAddressEndpoint(java.lang.String)"},"keyword":"And "},{"result":{"status":"skipped"},"line":19,"name":"User verify the status code is 200","match":{"arguments":[{"val":"200","offset":31}],"location":"com.stepdefinition.CommonSteps.userVerifyTheStatusCodeIs(int)"},"keyword":"Then "},{"result":{"duration":1000000,"status":"skipped"},"line":20,"name":"User verify the updateUserAddress response message matches \"Address updated successfully\"","match":{"arguments":[{"val":"\"Address updated successfully\"","offset":59}],"location":"com.stepdefinition.TC4_AddressStep.userVerifyTheUpdateUserAddressResponseMessageMatches(java.lang.String)"},"keyword":"Then "}],"tags":[{"name":"@Address"}]},{"start_timestamp":"2023-05-12T09:30:13.835Z","line":26,"name":"Verify get user address to the application through api","description":"","id":"address-module-api-automation;verify-get-user-address-to-the-application-through-api","type":"scenario","keyword":"Scenario","steps":[{"result":{"duration":2000000,"status":"passed"},"line":27,"name":"User add headers and bearer authorization for accessing get address endpoint","match":{"location":"com.stepdefinition.TC4_AddressStep.userAddHeadersAndBearerAuthorizationForAccessingGetAddressEndpoint()"},"keyword":"Given "},{"result":{"duration":499000000,"status":"passed"},"line":28,"name":"User send \"GET\" request for getUserAddress endpoint","match":{"arguments":[{"val":"\"GET\"","offset":10}],"location":"com.stepdefinition.TC4_AddressStep.userSendRequestForGetUserAddressEndpoint(java.lang.String)"},"keyword":"And "},{"result":{"error_message":"java.lang.AssertionError: verifying status code expected:<200> but was:<401>\r\n\tat org.junit.Assert.fail(Assert.java:89)\r\n\tat org.junit.Assert.failNotEquals(Assert.java:835)\r\n\tat org.junit.Assert.assertEquals(Assert.java:647)\r\n\tat com.stepdefinition.CommonSteps.userVerifyTheStatusCodeIs(CommonSteps.java:16)\r\n\tat ✽.User verify the status code is 200(file:///C:/Users/Ramesh%20Riyo/eclipse-workspace/OMRBranchAPIAutomation/src/test/resources/Features/TC4_Address.feature:29)\r\n","duration":1000000,"status":"failed"},"line":29,"name":"User verify the status code is 200","match":{"arguments":[{"val":"200","offset":31}],"location":"com.stepdefinition.CommonSteps.userVerifyTheStatusCodeIs(int)"},"keyword":"Then "},{"result":{"status":"skipped"},"line":30,"name":"User verify the getUserAddress response message matches \"OK\"","match":{"arguments":[{"val":"\"OK\"","offset":56}],"location":"com.stepdefinition.TC4_AddressStep.userVerifyTheGetUserAddressResponseMessageMatches(java.lang.String)"},"keyword":"Then "}],"tags":[{"name":"@Address"}]},{"start_timestamp":"2023-05-12T09:30:14.355Z","line":41,"name":"Verify delete user address to the application through api","description":"","id":"address-module-api-automation;verify-delete-user-address-to-the-application-through-api;;2","type":"scenario","keyword":"Scenario Outline","steps":[{"result":{"duration":1000000,"status":"passed"},"line":33,"name":"User add headers and bearer authorization for accessing delete address endpoint","match":{"location":"com.stepdefinition.TC4_AddressStep.userAddHeadersAndBearerAuthorizationForAccessingDeleteAddressEndpoint()"},"keyword":"Given "},{"result":{"duration":15000000,"status":"passed"},"line":34,"name":"User add request body for delete address \"46877\"","match":{"arguments":[{"val":"\"46877\"","offset":41}],"location":"com.stepdefinition.TC4_AddressStep.userAddRequestBodyForDeleteAddress(java.lang.String)"},"keyword":"When "},{"result":{"duration":507000000,"status":"passed"},"line":35,"name":"User send \"DELETE\" request for deleteUserAddress endpoint","match":{"arguments":[{"val":"\"DELETE\"","offset":10}],"location":"com.stepdefinition.TC4_AddressStep.userSendRequestForDeleteUserAddressEndpoint(java.lang.String)"},"keyword":"And "},{"result":{"error_message":"java.lang.AssertionError: verifying status code expected:<200> but was:<401>\r\n\tat org.junit.Assert.fail(Assert.java:89)\r\n\tat org.junit.Assert.failNotEquals(Assert.java:835)\r\n\tat org.junit.Assert.assertEquals(Assert.java:647)\r\n\tat com.stepdefinition.CommonSteps.userVerifyTheStatusCodeIs(CommonSteps.java:16)\r\n\tat ✽.User verify the status code is 200(file:///C:/Users/Ramesh%20Riyo/eclipse-workspace/OMRBranchAPIAutomation/src/test/resources/Features/TC4_Address.feature:36)\r\n","duration":1000000,"status":"failed"},"line":36,"name":"User verify the status code is 200","match":{"arguments":[{"val":"200","offset":31}],"location":"com.stepdefinition.CommonSteps.userVerifyTheStatusCodeIs(int)"},"keyword":"Then "},{"result":{"status":"skipped"},"line":37,"name":"User verify the deleteUserAddress response message matches \"Address deleted successfully\"","match":{"arguments":[{"val":"\"Address deleted successfully\"","offset":59}],"location":"com.stepdefinition.TC4_AddressStep.userVerifyTheDeleteUserAddressResponseMessageMatches(java.lang.String)"},"keyword":"Then "}],"tags":[{"name":"@Address"}]}],"name":"Address Module API Automation","description":"","id":"address-module-api-automation","keyword":"Feature","uri":"file:src/test/resources/Features/TC4_Address.feature","tags":[{"name":"@Address","type":"Tag","location":{"line":1,"column":1}}]},{"line":2,"elements":[{"start_timestamp":"2023-05-12T09:30:14.935Z","line":13,"name":"Verify User Get search product through api","description":"","id":"search-product-module-api-automation;verify-user-get-search-product-through-api;;2","type":"scenario","keyword":"Scenario Outline","steps":[{"result":{"duration":1000000,"status":"passed"},"line":5,"name":"User add headers for search product","match":{"location":"com.stepdefinition.TC5_SearchProductStep.userAddHeadersForSearchProduct()"},"keyword":"Given "},{"result":{"duration":20000000,"status":"passed"},"line":6,"name":"User add request body for search product \"nuts\"","match":{"arguments":[{"val":"\"nuts\"","offset":41}],"location":"com.stepdefinition.TC5_SearchProductStep.userAddRequestBodyForSearchProduct(java.lang.String)"},"keyword":"And "},{"result":{"duration":434000000,"status":"passed"},"line":7,"name":"User send \"POST\" request for search product endpoint","match":{"arguments":[{"val":"\"POST\"","offset":10}],"location":"com.stepdefinition.TC5_SearchProductStep.userSendRequestForSearchProductEndpoint(java.lang.String)"},"keyword":"And "},{"result":{"error_message":"java.lang.AssertionError: verifying status code expected:<200> but was:<401>\r\n\tat org.junit.Assert.fail(Assert.java:89)\r\n\tat org.junit.Assert.failNotEquals(Assert.java:835)\r\n\tat org.junit.Assert.assertEquals(Assert.java:647)\r\n\tat com.stepdefinition.CommonSteps.userVerifyTheStatusCodeIs(CommonSteps.java:16)\r\n\tat ✽.User verify the status code is 200(file:///C:/Users/Ramesh%20Riyo/eclipse-workspace/OMRBranchAPIAutomation/src/test/resources/Features/TC5_SearchProduct.feature:8)\r\n","duration":2000000,"status":"failed"},"line":8,"name":"User verify the status code is 200","match":{"arguments":[{"val":"200","offset":31}],"location":"com.stepdefinition.CommonSteps.userVerifyTheStatusCodeIs(int)"},"keyword":"Then "},{"result":{"status":"skipped"},"line":9,"name":"User verify the search product response body message \"OK\"","match":{"arguments":[{"val":"\"OK\"","offset":53}],"location":"com.stepdefinition.TC5_SearchProductStep.userVerifyTheSearchProductResponseBodyMessage(java.lang.String)"},"keyword":"Then "}],"tags":[{"name":"@SearchProduct"}]}],"name":"Search product Module API Automation","description":"","id":"search-product-module-api-automation","keyword":"Feature","uri":"file:src/test/resources/Features/TC5_SearchProduct.feature","tags":[{"name":"@SearchProduct","type":"Tag","location":{"line":1,"column":1}}]}]