<?xml version="1.0" encoding="UTF-8"?>
<testng-results skipped="0" failed="1" ignored="0" total="1" passed="0">
  <reporter-output>
  </reporter-output>
  <suite name="Default suite" duration-ms="3107" started-at="2023-06-05T12:22:35Z" finished-at="2023-06-05T12:22:38Z">
    <groups>
    </groups>
    <test name="Default test" duration-ms="3107" started-at="2023-06-05T12:22:35Z" finished-at="2023-06-05T12:22:38Z">
      <class name="com.mob.MobileTest">
        <test-method status="FAIL" signature="tc1()[pri:0, instance:com.mob.MobileTest@eec5a4a]" name="tc1" duration-ms="3032" started-at="2023-06-05T12:22:35Z" finished-at="2023-06-05T12:22:38Z">
          <exception class="org.openqa.selenium.SessionNotCreatedException">
            <message>
              <![CDATA[Could not start a new session. Response code 500. Message: An unknown server-side error occurred while processing the command. Original error: Error executing adbExec. Original error: 'Command ''C:\\Users\\Ramesh Riyo\\AppData\\Local\\Android\\Sdk\\platform-tools\\adb.exe' -P 5037 -s 1cae3e4b0321 shell 'settings delete global hidden_api_policy_pre_p_apps;settings delete global hidden_api_policy_p_apps;settings delete global hidden_api_policy'' exited with code 255'; Stderr: 'Exception occurred while executing 'delete':
java.lang.SecurityException: Permission denial: writing to settings requires:android.permission.WRITE_SECURE_SETTINGS
at com.android.providers.settings.SettingsProvider.enforceWritePermission(SettingsProvider.java:2272)
at com.android.providers.settings.SettingsProvider.mutateGlobalSetting(SettingsProvider.java:1439)
at com.android.providers.settings.SettingsProvider.mutateGlobalSetting(SettingsProvider.java:1431)
at com.android.providers.settings.SettingsProvider.deleteGlobalSetting(SettingsProvider.java:1402)
at com.android.providers.settings.SettingsProvider.call(SettingsProvider.java:523)
at android.content.ContentProvider.call(ContentProvider.java:2486)
at android.content.ContentProvider$Transport.call(ContentProvider.java:517)
at com.android.providers.settings.SettingsService$MyShellCommand.deleteForUser(SettingsService.java:408)
at com.android.providers.settings.SettingsService$MyShellCommand.onCommand(SettingsService.java:282)
at com.android.modules.utils.BasicShellCommandHandler.exec(BasicShellCommandHandler.java:97)
at android.os.ShellCommand.exec(ShellCommand.java:38)
at com.android.providers.settings.SettingsService.onShellCommand(SettingsService.java:50)
at android.os.Binder.shellCommand(Binder.java:953)
at android.os.Binder.onTransact(Binder.java:837)
at android.os.Binder.execTransactInternal(Binder.java:1187)
at android.os.Binder.execTransact(Binder.java:1146)

Exception occurred while executing 'delete':
java.lang.SecurityException: Permission denial: writing to settings requires:android.permission.WRITE_SECURE_SETTINGS
at com.android.providers.settings.SettingsProvider.enforceWritePermission(SettingsProvider.java:2272)
at com.android.providers.settings.SettingsProvider.mutateGlobalSetting(SettingsProvider.java:1439)
at com.android.providers.settings.SettingsProvider.mutateGlobalSetting(SettingsProvider.java:1431)
at com.android.providers.settings.SettingsProvider.deleteGlobalSetting(SettingsProvider.java:1402)
at com.android.providers.settings.SettingsProvider.call(SettingsProvider.java:523)
at android.content.ContentProvider.call(ContentProvider.java:2486)
at android.content.ContentProvider$Transport.call(ContentProvider.java:517)
at com.android.providers.settings.SettingsService$MyShellCommand.deleteForUser(SettingsService.java:408)
at com.android.providers.settings.SettingsService$MyShellCommand.onCommand(SettingsService.java:282)
at com.android.modules.utils.BasicShellCommandHandler.exec(BasicShellCommandHandler.java:97)
at android.os.ShellCommand.exec(ShellCommand.java:38)
at com.android.providers.settings.SettingsService.onShellCommand(SettingsService.java:50)
at android.os.Binder.shellCommand(Binder.java:953)
at android.os.Binder.onTransact(Binder.java:837)
at android.os.Binder.execTransactInternal(Binder.java:1187)
at android.os.Binder.execTransact(Binder.java:1146)

Exception occurred while executing 'delete':
java.lang.SecurityException: Permission denial: writing to settings requires:android.permission.WRITE_SECURE_SETTINGS
at com.android.providers.settings.SettingsProvider.enforceWritePermission(SettingsProvider.java:2272)
at com.android.providers.settings.SettingsProvider.mutateGlobalSetting(SettingsProvider.java:1439)
at com.android.providers.settings.SettingsProvider.mutateGlobalSetting(SettingsProvider.java:1431)
at com.android.providers.settings.SettingsProvider.deleteGlobalSetting(SettingsProvider.java:1402)
at com.android.providers.settings.SettingsProvider.call(SettingsProvider.java:523)
at android.content.ContentProvider.call(ContentProvider.java:2486)
at android.content.ContentProvider$Transport.call(ContentProvider.java:517)
at com.android.providers.settings.SettingsService$MyShellCommand.deleteForUser(SettingsService.java:408)
at com.android.providers.settings.SettingsService$MyShellCommand.onCommand(SettingsService.java:282)
at com.android.modules.utils.BasicShellCommandHandler.exec(BasicShellCommandHandler.java:97)
at android.os.ShellCommand.exec(ShellCommand.java:38)
at com.android.providers.settings.SettingsService.onShellCommand(SettingsService.java:50)
at android.os.Binder.shellCommand(Binder.java:953)
at android.os.Binder.onTransact(Binder.java:837)
at android.os.Binder.execTransactInternal(Binder.java:1187)
at android.os.Binder.execTransact(Binder.java:1146)'; Code: '255' 
Host info: host: 'RAMESHRIYO', ip: '192.168.0.121'
Build info: version: '4.9.1', revision: 'eb2032df7f'
System info: os.name: 'Windows 10', os.arch: 'amd64', os.version: '10.0', java.version: '1.8.0_202'
Driver info: io.appium.java_client.android.AndroidDriver
Command: [null, newSession {capabilities=[{appium:deviceName=Ramesh_riyo, platformName=ANDROID, appium:platformVersion=12}], desiredCapabilities=Capabilities {deviceName: Ramesh_riyo, platformName: ANDROID, platformVersion: 12}}]
Capabilities {deviceName: Ramesh_riyo, platformName: ANDROID, platformVersion: 12}]]>
            </message>
            <full-stacktrace>
              <![CDATA[org.openqa.selenium.SessionNotCreatedException: Could not start a new session. Response code 500. Message: An unknown server-side error occurred while processing the command. Original error: Error executing adbExec. Original error: 'Command ''C:\\Users\\Ramesh Riyo\\AppData\\Local\\Android\\Sdk\\platform-tools\\adb.exe' -P 5037 -s 1cae3e4b0321 shell 'settings delete global hidden_api_policy_pre_p_apps;settings delete global hidden_api_policy_p_apps;settings delete global hidden_api_policy'' exited with code 255'; Stderr: 'Exception occurred while executing 'delete':
java.lang.SecurityException: Permission denial: writing to settings requires:android.permission.WRITE_SECURE_SETTINGS
at com.android.providers.settings.SettingsProvider.enforceWritePermission(SettingsProvider.java:2272)
at com.android.providers.settings.SettingsProvider.mutateGlobalSetting(SettingsProvider.java:1439)
at com.android.providers.settings.SettingsProvider.mutateGlobalSetting(SettingsProvider.java:1431)
at com.android.providers.settings.SettingsProvider.deleteGlobalSetting(SettingsProvider.java:1402)
at com.android.providers.settings.SettingsProvider.call(SettingsProvider.java:523)
at android.content.ContentProvider.call(ContentProvider.java:2486)
at android.content.ContentProvider$Transport.call(ContentProvider.java:517)
at com.android.providers.settings.SettingsService$MyShellCommand.deleteForUser(SettingsService.java:408)
at com.android.providers.settings.SettingsService$MyShellCommand.onCommand(SettingsService.java:282)
at com.android.modules.utils.BasicShellCommandHandler.exec(BasicShellCommandHandler.java:97)
at android.os.ShellCommand.exec(ShellCommand.java:38)
at com.android.providers.settings.SettingsService.onShellCommand(SettingsService.java:50)
at android.os.Binder.shellCommand(Binder.java:953)
at android.os.Binder.onTransact(Binder.java:837)
at android.os.Binder.execTransactInternal(Binder.java:1187)
at android.os.Binder.execTransact(Binder.java:1146)

Exception occurred while executing 'delete':
java.lang.SecurityException: Permission denial: writing to settings requires:android.permission.WRITE_SECURE_SETTINGS
at com.android.providers.settings.SettingsProvider.enforceWritePermission(SettingsProvider.java:2272)
at com.android.providers.settings.SettingsProvider.mutateGlobalSetting(SettingsProvider.java:1439)
at com.android.providers.settings.SettingsProvider.mutateGlobalSetting(SettingsProvider.java:1431)
at com.android.providers.settings.SettingsProvider.deleteGlobalSetting(SettingsProvider.java:1402)
at com.android.providers.settings.SettingsProvider.call(SettingsProvider.java:523)
at android.content.ContentProvider.call(ContentProvider.java:2486)
at android.content.ContentProvider$Transport.call(ContentProvider.java:517)
at com.android.providers.settings.SettingsService$MyShellCommand.deleteForUser(SettingsService.java:408)
at com.android.providers.settings.SettingsService$MyShellCommand.onCommand(SettingsService.java:282)
at com.android.modules.utils.BasicShellCommandHandler.exec(BasicShellCommandHandler.java:97)
at android.os.ShellCommand.exec(ShellCommand.java:38)
at com.android.providers.settings.SettingsService.onShellCommand(SettingsService.java:50)
at android.os.Binder.shellCommand(Binder.java:953)
at android.os.Binder.onTransact(Binder.java:837)
at android.os.Binder.execTransactInternal(Binder.java:1187)
at android.os.Binder.execTransact(Binder.java:1146)

Exception occurred while executing 'delete':
java.lang.SecurityException: Permission denial: writing to settings requires:android.permission.WRITE_SECURE_SETTINGS
at com.android.providers.settings.SettingsProvider.enforceWritePermission(SettingsProvider.java:2272)
at com.android.providers.settings.SettingsProvider.mutateGlobalSetting(SettingsProvider.java:1439)
at com.android.providers.settings.SettingsProvider.mutateGlobalSetting(SettingsProvider.java:1431)
at com.android.providers.settings.SettingsProvider.deleteGlobalSetting(SettingsProvider.java:1402)
at com.android.providers.settings.SettingsProvider.call(SettingsProvider.java:523)
at android.content.ContentProvider.call(ContentProvider.java:2486)
at android.content.ContentProvider$Transport.call(ContentProvider.java:517)
at com.android.providers.settings.SettingsService$MyShellCommand.deleteForUser(SettingsService.java:408)
at com.android.providers.settings.SettingsService$MyShellCommand.onCommand(SettingsService.java:282)
at com.android.modules.utils.BasicShellCommandHandler.exec(BasicShellCommandHandler.java:97)
at android.os.ShellCommand.exec(ShellCommand.java:38)
at com.android.providers.settings.SettingsService.onShellCommand(SettingsService.java:50)
at android.os.Binder.shellCommand(Binder.java:953)
at android.os.Binder.onTransact(Binder.java:837)
at android.os.Binder.execTransactInternal(Binder.java:1187)
at android.os.Binder.execTransact(Binder.java:1146)'; Code: '255' 
Host info: host: 'RAMESHRIYO', ip: '192.168.0.121'
Build info: version: '4.9.1', revision: 'eb2032df7f'
System info: os.name: 'Windows 10', os.arch: 'amd64', os.version: '10.0', java.version: '1.8.0_202'
Driver info: io.appium.java_client.android.AndroidDriver
Command: [null, newSession {capabilities=[{appium:deviceName=Ramesh_riyo, platformName=ANDROID, appium:platformVersion=12}], desiredCapabilities=Capabilities {deviceName: Ramesh_riyo, platformName: ANDROID, platformVersion: 12}}]
Capabilities {deviceName: Ramesh_riyo, platformName: ANDROID, platformVersion: 12}
at org.openqa.selenium.remote.ProtocolHandshake.createSession(ProtocolHandshake.java:136)
at sun.reflect.NativeMethodAccessorImpl.invoke0(Native Method)
at sun.reflect.NativeMethodAccessorImpl.invoke(Unknown Source)
at sun.reflect.DelegatingMethodAccessorImpl.invoke(Unknown Source)
at java.lang.reflect.Method.invoke(Unknown Source)
at io.appium.java_client.remote.AppiumProtocolHandshake.createSession(AppiumProtocolHandshake.java:133)
at io.appium.java_client.remote.AppiumProtocolHandshake.createSession(AppiumProtocolHandshake.java:102)
at io.appium.java_client.remote.AppiumCommandExecutor.createSession(AppiumCommandExecutor.java:182)
at io.appium.java_client.remote.AppiumCommandExecutor.execute(AppiumCommandExecutor.java:250)
at org.openqa.selenium.remote.RemoteWebDriver.execute(RemoteWebDriver.java:543)
at io.appium.java_client.AppiumDriver.startSession(AppiumDriver.java:274)
at org.openqa.selenium.remote.RemoteWebDriver.<init>(RemoteWebDriver.java:157)
at io.appium.java_client.AppiumDriver.<init>(AppiumDriver.java:89)
at io.appium.java_client.AppiumDriver.<init>(AppiumDriver.java:101)
at io.appium.java_client.android.AndroidDriver.<init>(AndroidDriver.java:113)
at com.mob.MobileTest.tc1(MobileTest.java:32)
at sun.reflect.NativeMethodAccessorImpl.invoke0(Native Method)
at sun.reflect.NativeMethodAccessorImpl.invoke(Unknown Source)
at sun.reflect.DelegatingMethodAccessorImpl.invoke(Unknown Source)
at java.lang.reflect.Method.invoke(Unknown Source)
at org.testng.internal.MethodInvocationHelper.invokeMethod(MethodInvocationHelper.java:124)
at org.testng.internal.Invoker.invokeMethod(Invoker.java:583)
at org.testng.internal.Invoker.invokeTestMethod(Invoker.java:719)
at org.testng.internal.Invoker.invokeTestMethods(Invoker.java:989)
at org.testng.internal.TestMethodWorker.invokeTestMethods(TestMethodWorker.java:125)
at org.testng.internal.TestMethodWorker.run(TestMethodWorker.java:109)
at org.testng.TestRunner.privateRun(TestRunner.java:648)
at org.testng.TestRunner.run(TestRunner.java:505)
at org.testng.SuiteRunner.runTest(SuiteRunner.java:455)
at org.testng.SuiteRunner.runSequentially(SuiteRunner.java:450)
at org.testng.SuiteRunner.privateRun(SuiteRunner.java:415)
at org.testng.SuiteRunner.run(SuiteRunner.java:364)
at org.testng.SuiteRunnerWorker.runSuite(SuiteRunnerWorker.java:52)
at org.testng.SuiteRunnerWorker.run(SuiteRunnerWorker.java:84)
at org.testng.TestNG.runSuitesSequentially(TestNG.java:1208)
at org.testng.TestNG.runSuitesLocally(TestNG.java:1137)
at org.testng.TestNG.runSuites(TestNG.java:1049)
at org.testng.TestNG.run(TestNG.java:1017)
at org.testng.remote.AbstractRemoteTestNG.run(AbstractRemoteTestNG.java:114)
at org.testng.remote.RemoteTestNG.initAndRun(RemoteTestNG.java:251)
at org.testng.remote.RemoteTestNG.main(RemoteTestNG.java:77)
]]>
            </full-stacktrace>
          </exception> <!-- org.openqa.selenium.SessionNotCreatedException -->
          <reporter-output>
          </reporter-output>
        </test-method> <!-- tc1 -->
      </class> <!-- com.mob.MobileTest -->
    </test> <!-- Default test -->
  </suite> <!-- Default suite -->
</testng-results>
